<?xml version="1.0" encoding="UTF-8"?>
<!-- Generated by org.testng.reporters.JUnitXMLReporter -->
<testsuite ignored="5" hostname="DESKTOP-L9JMAV8" failures="0" tests="1" name="Default test" time="22.255" errors="0" timestamp="2025-08-12T15:44:41 EET">
  <testcase classname="Package.MySetUp" name="checkHomeLink" time="7.777"/>
  <testcase classname="Package.MySetUp" name="TestAllClickTypes" time="0.0">
    <ignored/>
  </testcase> <!-- TestAllClickTypes -->
  <testcase classname="Package.MySetUp" name="CheckBox" time="0.0">
    <ignored/>
  </testcase> <!-- CheckBox -->
  <testcase classname="Package.MySetUp" name="RadioButton" time="0.0">
    <ignored/>
  </testcase> <!-- RadioButton -->
  <testcase classname="Package.MySetUp" name="Element" time="0.0">
    <ignored/>
  </testcase> <!-- Element -->
  <testcase classname="Package.MySetUp" name="EditTableNamesAndEmail" time="0.0">
    <ignored/>
  </testcase> <!-- EditTableNamesAndEmail -->
</testsuite> <!-- Default test -->
