<?xml version="1.0" encoding="UTF-8"?>
<testng-results ignored="0" total="6" passed="6" failed="0" skipped="0">
  <reporter-output>
  </reporter-output>
  <suite started-at="2025-08-12T16:09:55 EET" name="Default suite" finished-at="2025-08-12T16:10:14 EET" duration-ms="18876">
    <groups>
    </groups>
    <test started-at="2025-08-12T16:09:55 EET" name="Default test" finished-at="2025-08-12T16:10:14 EET" duration-ms="18876">
      <class name="package_Element.myTestCase">
        <test-method is-config="true" signature="TestCase()[pri:0, instance:package_Element.myTestCase@36b0fcd5]" started-at="2025-08-12T16:09:55 EET" name="TestCase" finished-at="2025-08-12T16:10:01 EET" duration-ms="6436" status="PASS">
          <reporter-output>
          </reporter-output>
        </test-method> <!-- TestCase -->
        <test-method signature="Element()[pri:1, instance:package_Element.myTestCase@36b0fcd5]" started-at="2025-08-12T16:10:01 EET" name="Element" finished-at="2025-08-12T16:10:02 EET" duration-ms="1214" status="PASS">
          <reporter-output>
          </reporter-output>
        </test-method> <!-- Element -->
        <test-method signature="CheckBox()[pri:2, instance:package_Element.myTestCase@36b0fcd5]" started-at="2025-08-12T16:10:03 EET" name="CheckBox" finished-at="2025-08-12T16:10:05 EET" duration-ms="2243" status="PASS">
          <reporter-output>
          </reporter-output>
        </test-method> <!-- CheckBox -->
        <test-method signature="RadioButton()[pri:3, instance:package_Element.myTestCase@36b0fcd5]" started-at="2025-08-12T16:10:05 EET" name="RadioButton" finished-at="2025-08-12T16:10:07 EET" duration-ms="1832" status="PASS">
          <reporter-output>
          </reporter-output>
        </test-method> <!-- RadioButton -->
        <test-method signature="EditTableNamesAndEmail()[pri:4, instance:package_Element.myTestCase@36b0fcd5]" started-at="2025-08-12T16:10:07 EET" name="EditTableNamesAndEmail" finished-at="2025-08-12T16:10:09 EET" duration-ms="2225" status="PASS">
          <reporter-output>
          </reporter-output>
        </test-method> <!-- EditTableNamesAndEmail -->
        <test-method signature="TestAllClickTypes()[pri:5, instance:package_Element.myTestCase@36b0fcd5]" started-at="2025-08-12T16:10:09 EET" name="TestAllClickTypes" finished-at="2025-08-12T16:10:10 EET" duration-ms="1348" status="PASS">
          <reporter-output>
          </reporter-output>
        </test-method> <!-- TestAllClickTypes -->
        <test-method signature="checkHomeLink()[pri:6, instance:package_Element.myTestCase@36b0fcd5]" started-at="2025-08-12T16:10:10 EET" name="checkHomeLink" finished-at="2025-08-12T16:10:14 EET" duration-ms="3529" status="PASS">
          <reporter-output>
          </reporter-output>
        </test-method> <!-- checkHomeLink -->
      </class> <!-- package_Element.myTestCase -->
    </test> <!-- Default test -->
  </suite> <!-- Default suite -->
</testng-results>
